[2025-03-19 18:36:43] Starting daily video pipeline update
[2025-03-19 18:36:43] Starting PostgreSQL...
[2025-03-19 18:36:43] Waiting for PostgreSQL to be ready...
[2025-03-19 18:36:44] PostgreSQL is ready.
[2025-03-19 18:36:44] Retrieving search terms from database...
[2025-03-19 18:36:44] Processing search term: Friedreich's ataxia patient stories with creation date: 2025-03-19
[2025-03-19 18:36:44] Running pipeline for 'Friedreich's ataxia patient stories' from 2025-03-19 to 2025-03-19...
[2025-03-19 18:36:44] Generating analysis_outputs/Friedreich's ataxia patient stories-search-config.json...
[2025-03-19 18:36:44] Running youtube-fetcher.ts...
[2025-03-19 18:37:23] No new videos found for 'Friedreich's ataxia patient stories' in the timeline 2025-03-19 to 2025-03-19.
[2025-03-19 18:37:23] Skipping transcript fetching, analysis, and database storage for 'Friedreich's ataxia patient stories'.
[2025-03-19 18:37:23] Successfully updated 'Friedreich's ataxia patient stories' from 2025-03-19 to 2025-03-19
[2025-03-19 18:37:23] Processing search term: Friedreich's ataxia with creation date: 2025-03-19
[2025-03-19 18:37:23] Running pipeline for 'Friedreich's ataxia' from 2025-03-19 to 2025-03-19...
[2025-03-19 18:37:23] Generating analysis_outputs/Friedreich's ataxia-search-config.json...
[2025-03-19 18:37:23] Running youtube-fetcher.ts...
[2025-03-19 18:37:30] No new videos found for 'Friedreich's ataxia' in the timeline 2025-03-19 to 2025-03-19.
[2025-03-19 18:37:30] Skipping transcript fetching, analysis, and database storage for 'Friedreich's ataxia'.
[2025-03-19 18:37:30] Successfully updated 'Friedreich's ataxia' from 2025-03-19 to 2025-03-19
[2025-03-19 18:37:30] Processing search term: Friedreich ataxia with creation date: 2025-03-19
[2025-03-19 18:37:30] Running pipeline for 'Friedreich ataxia' from 2025-03-19 to 2025-03-19...
[2025-03-19 18:37:30] Generating analysis_outputs/Friedreich ataxia-search-config.json...
[2025-03-19 18:37:30] Running youtube-fetcher.ts...
[2025-03-19 18:37:58] No new videos found for 'Friedreich ataxia' in the timeline 2025-03-19 to 2025-03-19.
[2025-03-19 18:37:58] Skipping transcript fetching, analysis, and database storage for 'Friedreich ataxia'.
[2025-03-19 18:37:58] Successfully updated 'Friedreich ataxia' from 2025-03-19 to 2025-03-19
[2025-03-19 18:37:58] Daily video pipeline update completed.
